

Microchip Technology PIC18 LITE Macro Assembler V1.35 build -356382666 
                                                                                               Wed Dec 09 00:15:29 2015

Microchip Technology Omniscient Code Generator v1.35 (Free mode) build 201507080246
     1                           	processor	18F45K22
     2                           	fnconf	rparam,??,?,0
     3                           	opt	pw 120
     4                           	opt	lm
     5                           	psect	cinit,global,reloc=2,class=CODE,delta=1
     6                           	psect	cstackCOMRAM,global,class=COMRAM,space=1,delta=1
     7                           	psect	text0,global,reloc=2,class=CODE,delta=1
     8                           	psect	text1,global,reloc=2,class=CODE,delta=1
     9                           	psect	text2,global,reloc=2,class=CODE,delta=1
    10                           	psect	text3,global,reloc=2,class=CODE,delta=1
    11                           	psect	intsave_regs,global,class=BIGRAM,space=1,delta=1
    12                           	psect	rparam,global,class=COMRAM,space=1,delta=1
    13  0000                     _ANSELA	set	3896
    14  0000                     _ANSELB	set	3897
    15  0000                     _ANSELC	set	3898
    16  0000                     _ANSELD	set	3899
    17  0000                     _ANSELE	set	3900
    18  0000                     _INTCON2bits	set	4081
    19  0000                     _LATA	set	3977
    20  0000                     _LATB	set	3978
    21  0000                     _LATC	set	3979
    22  0000                     _LATD	set	3980
    23  0000                     _LATE	set	3981
    24  0000                     _OSCCON	set	4051
    25  0000                     _OSCCON2	set	4050
    26  0000                     _OSCTUNE	set	3995
    27  0000                     _TRISA	set	3986
    28  0000                     _TRISB	set	3987
    29  0000                     _TRISC	set	3988
    30  0000                     _TRISD	set	3989
    31  0000                     _TRISE	set	3990
    32  0000                     _WPUB	set	3937
    33  0000                     _LATB0	set	31824
    34                           
    35                           ; #config settings
    36  0000                     
    37                           	psect	cinit
    38  007F62                     __pcinit:
    39                           	opt stack 0
    40  007F62                     start_initialization:
    41                           	opt stack 0
    42  007F62                     __initialization:
    43                           	opt stack 0
    44  007F62                     end_of_initialization:
    45                           	opt stack 0
    46  007F62                     __end_of__initialization:
    47                           	opt stack 0
    48  007F62  0100               	movlb	0
    49  007F64  EFC0  F03F         	goto	_main	;jump to C main() function
    50                           
    51                           	psect	cstackCOMRAM
    52  000001                     __pcstackCOMRAM:
    53                           	opt stack 0
    54  000001                     ??_main:
    55                           
    56                           ; 0 bytes @ 0x0
    57  000001                     	ds	1
    58  000002                     main@i:
    59                           	opt stack 0
    60                           
    61                           ; 2 bytes @ 0x1
    62  000002                     	ds	2
    63                           
    64 ;;
    65 ;;Main: autosize = 0, tempsize = 1, incstack = 0, save=0
    66 ;;
    67 ;; *************** function _main *****************
    68 ;; Defined at:
    69 ;;		line 18 in file "main.c"
    70 ;; Parameters:    Size  Location     Type
    71 ;;		None
    72 ;; Auto vars:     Size  Location     Type
    73 ;;  i               2    1[COMRAM] int 
    74 ;; Return value:  Size  Location     Type
    75 ;;		None               void
    76 ;; Registers used:
    77 ;;		wreg, status,2, status,0, cstack
    78 ;; Tracked objects:
    79 ;;		On entry : 0/0
    80 ;;		On exit  : 0/0
    81 ;;		Unchanged: 0/0
    82 ;; Data sizes:     COMRAM   BANK0   BANK1   BANK2   BANK3   BANK4   BANK5
    83 ;;      Params:         0       0       0       0       0       0       0
    84 ;;      Locals:         2       0       0       0       0       0       0
    85 ;;      Temps:          1       0       0       0       0       0       0
    86 ;;      Totals:         3       0       0       0       0       0       0
    87 ;;Total ram usage:        3 bytes
    88 ;; Hardware stack levels required when called:    2
    89 ;; This function calls:
    90 ;;		_SYSTEM_Initialize
    91 ;; This function is called by:
    92 ;;		Startup code after reset
    93 ;; This function uses a non-reentrant model
    94 ;;
    95                           
    96                           	psect	text0
    97  007F80                     __ptext0:
    98                           	opt stack 0
    99  007F80                     _main:
   100                           	opt stack 29
   101                           
   102                           ;main.c: 20: SYSTEM_Initialize();
   103                           
   104                           ;incstack = 0
   105  007F80  ECB4  F03F         	call	_SYSTEM_Initialize	;wreg free
   106  007F84                     l685:
   107  007F84  B08A               	btfsc	3978,0,c	;volatile
   108  007F86  D002               	goto	u10
   109  007F88  808A               	bsf	3978,0,c	;volatile
   110  007F8A  D001               	goto	l687
   111  007F8C                     u10:
   112  007F8C  908A               	bcf	3978,0,c	;volatile
   113  007F8E                     l687:
   114                           
   115                           ;main.c: 52: for (int i=0; i<20;i++) _delay((unsigned long)((50)*(8000000/4000.0)));
   116  007F8E  0E00               	movlw	0
   117  007F90  6E03               	movwf	main@i+1,c
   118  007F92  0E00               	movlw	0
   119  007F94  6E02               	movwf	main@i,c
   120  007F96                     l689:
   121  007F96  BE03               	btfsc	main@i+1,7,c
   122  007F98  D006               	goto	l693
   123  007F9A  5003               	movf	main@i+1,w,c
   124  007F9C  E1F3               	bnz	l685
   125  007F9E  0E14               	movlw	20
   126  007FA0  5C02               	subwf	main@i,w,c
   127  007FA2  B0D8               	btfsc	status,0,c
   128  007FA4  D7EF               	goto	l685
   129  007FA6                     l693:
   130  007FA6  0E82               	movlw	130
   131  007FA8  6E01               	movwf	??_main& (0+255),c
   132  007FAA  0EDE               	movlw	222
   133  007FAC                     u57:
   134  007FAC  2EE8               	decfsz	wreg,f,c
   135  007FAE  D7FE               	goto	u57
   136  007FB0  2E01               	decfsz	??_main& (0+255),f,c
   137  007FB2  D7FC               	goto	u57
   138  007FB4  4A02               	infsnz	main@i,f,c
   139  007FB6  2A03               	incf	main@i+1,f,c
   140  007FB8  D7EE               	goto	l689
   141  007FBA                     __end_of_main:
   142                           	opt stack 0
   143                           wreg	equ	0xFE8
   144                           status	equ	0xFD8
   145                           
   146 ;; *************** function _SYSTEM_Initialize *****************
   147 ;; Defined at:
   148 ;;		line 66 in file "mcc_generated_files/mcc.c"
   149 ;; Parameters:    Size  Location     Type
   150 ;;		None
   151 ;; Auto vars:     Size  Location     Type
   152 ;;		None
   153 ;; Return value:  Size  Location     Type
   154 ;;		None               void
   155 ;; Registers used:
   156 ;;		wreg, status,2, cstack
   157 ;; Tracked objects:
   158 ;;		On entry : 0/0
   159 ;;		On exit  : 0/0
   160 ;;		Unchanged: 0/0
   161 ;; Data sizes:     COMRAM   BANK0   BANK1   BANK2   BANK3   BANK4   BANK5
   162 ;;      Params:         0       0       0       0       0       0       0
   163 ;;      Locals:         0       0       0       0       0       0       0
   164 ;;      Temps:          0       0       0       0       0       0       0
   165 ;;      Totals:         0       0       0       0       0       0       0
   166 ;;Total ram usage:        0 bytes
   167 ;; Hardware stack levels used:    1
   168 ;; Hardware stack levels required when called:    1
   169 ;; This function calls:
   170 ;;		_OSCILLATOR_Initialize
   171 ;;		_PIN_MANAGER_Initialize
   172 ;; This function is called by:
   173 ;;		_main
   174 ;; This function uses a non-reentrant model
   175 ;;
   176                           
   177                           	psect	text1
   178  007F68                     __ptext1:
   179                           	opt stack 0
   180  007F68                     _SYSTEM_Initialize:
   181                           	opt stack 29
   182                           
   183                           ;mcc.c: 67: OSCILLATOR_Initialize();
   184                           
   185                           ;incstack = 0
   186  007F68  ECB9  F03F         	call	_OSCILLATOR_Initialize	;wreg free
   187                           
   188                           ;mcc.c: 68: PIN_MANAGER_Initialize();
   189  007F6C  ECDD  F03F         	call	_PIN_MANAGER_Initialize	;wreg free
   190  007F70  0012               	return		;funcret
   191  007F72                     __end_of_SYSTEM_Initialize:
   192                           	opt stack 0
   193                           wreg	equ	0xFE8
   194                           status	equ	0xFD8
   195                           
   196 ;; *************** function _PIN_MANAGER_Initialize *****************
   197 ;; Defined at:
   198 ;;		line 4 in file "mcc_generated_files/pin_manager.c"
   199 ;; Parameters:    Size  Location     Type
   200 ;;		None
   201 ;; Auto vars:     Size  Location     Type
   202 ;;		None
   203 ;; Return value:  Size  Location     Type
   204 ;;		None               void
   205 ;; Registers used:
   206 ;;		wreg, status,2
   207 ;; Tracked objects:
   208 ;;		On entry : 0/0
   209 ;;		On exit  : 0/0
   210 ;;		Unchanged: 0/0
   211 ;; Data sizes:     COMRAM   BANK0   BANK1   BANK2   BANK3   BANK4   BANK5
   212 ;;      Params:         0       0       0       0       0       0       0
   213 ;;      Locals:         0       0       0       0       0       0       0
   214 ;;      Temps:          0       0       0       0       0       0       0
   215 ;;      Totals:         0       0       0       0       0       0       0
   216 ;;Total ram usage:        0 bytes
   217 ;; Hardware stack levels used:    1
   218 ;; This function calls:
   219 ;;		Nothing
   220 ;; This function is called by:
   221 ;;		_SYSTEM_Initialize
   222 ;; This function uses a non-reentrant model
   223 ;;
   224                           
   225                           	psect	text2
   226  007FBA                     __ptext2:
   227                           	opt stack 0
   228  007FBA                     _PIN_MANAGER_Initialize:
   229                           	opt stack 29
   230                           
   231                           ;pin_manager.c: 5: LATA = 0x00;
   232                           
   233                           ;incstack = 0
   234  007FBA  0E00               	movlw	0
   235  007FBC  6E89               	movwf	3977,c	;volatile
   236                           
   237                           ;pin_manager.c: 6: TRISA = 0xFF;
   238  007FBE  6892               	setf	3986,c	;volatile
   239                           
   240                           ;pin_manager.c: 7: ANSELA = 0x2F;
   241  007FC0  0E2F               	movlw	47
   242  007FC2  010F               	movlb	15	; () banked
   243  007FC4  6F38               	movwf	56,b	;volatile
   244                           
   245                           ;pin_manager.c: 9: LATB = 0x00;
   246  007FC6  0E00               	movlw	0
   247  007FC8  6E8A               	movwf	3978,c	;volatile
   248                           
   249                           ;pin_manager.c: 10: TRISB = 0xFE;
   250  007FCA  0EFE               	movlw	254
   251  007FCC  6E93               	movwf	3987,c	;volatile
   252                           
   253                           ;pin_manager.c: 11: ANSELB = 0x3E;
   254  007FCE  0E3E               	movlw	62
   255  007FD0  010F               	movlb	15	; () banked
   256  007FD2  6F39               	movwf	57,b	;volatile
   257                           
   258                           ;pin_manager.c: 12: WPUB = 0x00;
   259  007FD4  0E00               	movlw	0
   260  007FD6  6E61               	movwf	3937,c	;volatile
   261                           
   262                           ;pin_manager.c: 14: LATC = 0x00;
   263  007FD8  0E00               	movlw	0
   264  007FDA  6E8B               	movwf	3979,c	;volatile
   265                           
   266                           ; BSR set to: 15
   267                           ;pin_manager.c: 15: TRISC = 0xFF;
   268  007FDC  6894               	setf	3988,c	;volatile
   269                           
   270                           ;pin_manager.c: 16: ANSELC = 0xFC;
   271  007FDE  0EFC               	movlw	252
   272  007FE0  010F               	movlb	15	; () banked
   273  007FE2  6F3A               	movwf	58,b	;volatile
   274                           
   275                           ;pin_manager.c: 18: LATD = 0x00;
   276  007FE4  0E00               	movlw	0
   277  007FE6  6E8C               	movwf	3980,c	;volatile
   278                           
   279                           ; BSR set to: 15
   280                           ;pin_manager.c: 19: TRISD = 0xFF;
   281  007FE8  6895               	setf	3989,c	;volatile
   282                           
   283                           ; BSR set to: 15
   284                           ;pin_manager.c: 20: ANSELD = 0xFF;
   285  007FEA  010F               	movlb	15	; () banked
   286  007FEC  693B               	setf	59,b	;volatile
   287                           
   288                           ;pin_manager.c: 22: LATE = 0x00;
   289  007FEE  0E00               	movlw	0
   290  007FF0  6E8D               	movwf	3981,c	;volatile
   291                           
   292                           ;pin_manager.c: 23: TRISE = 0x07;
   293  007FF2  0E07               	movlw	7
   294  007FF4  6E96               	movwf	3990,c	;volatile
   295                           
   296                           ;pin_manager.c: 24: ANSELE = 0x07;
   297  007FF6  0E07               	movlw	7
   298  007FF8  010F               	movlb	15	; () banked
   299  007FFA  6F3C               	movwf	60,b	;volatile
   300                           
   301                           ; BSR set to: 15
   302                           ;pin_manager.c: 26: INTCON2bits.nRBPU = 0x01;
   303  007FFC  8EF1               	bsf	intcon2,7,c	;volatile
   304                           
   305                           ; BSR set to: 15
   306  007FFE  0012               	return		;funcret
   307  008000                     __end_of_PIN_MANAGER_Initialize:
   308                           	opt stack 0
   309                           intcon2	equ	0xFF1
   310                           wreg	equ	0xFE8
   311                           status	equ	0xFD8
   312                           
   313 ;; *************** function _OSCILLATOR_Initialize *****************
   314 ;; Defined at:
   315 ;;		line 71 in file "mcc_generated_files/mcc.c"
   316 ;; Parameters:    Size  Location     Type
   317 ;;		None
   318 ;; Auto vars:     Size  Location     Type
   319 ;;		None
   320 ;; Return value:  Size  Location     Type
   321 ;;		None               void
   322 ;; Registers used:
   323 ;;		wreg, status,2
   324 ;; Tracked objects:
   325 ;;		On entry : 0/0
   326 ;;		On exit  : 0/0
   327 ;;		Unchanged: 0/0
   328 ;; Data sizes:     COMRAM   BANK0   BANK1   BANK2   BANK3   BANK4   BANK5
   329 ;;      Params:         0       0       0       0       0       0       0
   330 ;;      Locals:         0       0       0       0       0       0       0
   331 ;;      Temps:          0       0       0       0       0       0       0
   332 ;;      Totals:         0       0       0       0       0       0       0
   333 ;;Total ram usage:        0 bytes
   334 ;; Hardware stack levels used:    1
   335 ;; This function calls:
   336 ;;		Nothing
   337 ;; This function is called by:
   338 ;;		_SYSTEM_Initialize
   339 ;; This function uses a non-reentrant model
   340 ;;
   341                           
   342                           	psect	text3
   343  007F72                     __ptext3:
   344                           	opt stack 0
   345  007F72                     _OSCILLATOR_Initialize:
   346                           	opt stack 29
   347                           
   348                           ;mcc.c: 73: OSCCON = 0x30;
   349                           
   350                           ; BSR set to: 15
   351                           ;incstack = 0
   352  007F72  0E30               	movlw	48
   353  007F74  6ED3               	movwf	4051,c	;volatile
   354                           
   355                           ;mcc.c: 75: OSCCON2 = 0x04;
   356  007F76  0E04               	movlw	4
   357  007F78  6ED2               	movwf	4050,c	;volatile
   358                           
   359                           ;mcc.c: 77: OSCTUNE = 0x00;
   360  007F7A  0E00               	movlw	0
   361  007F7C  6E9B               	movwf	3995,c	;volatile
   362  007F7E  0012               	return		;funcret
   363  007F80                     __end_of_OSCILLATOR_Initialize:
   364                           	opt stack 0
   365  0000                     intcon2	equ	0xFF1
   366                           wreg	equ	0xFE8
   367                           status	equ	0xFD8
   368                           intcon2	equ	0xFF1
   369                           wreg	equ	0xFE8
   370                           status	equ	0xFD8
   371                           
   372                           	psect	rparam
   373  0000                     intcon2	equ	0xFF1
   374                           wreg	equ	0xFE8
   375                           status	equ	0xFD8


Data Sizes:
    Strings     0
    Constant    0
    Data        0
    BSS         0
    Persistent  0
    Stack       0

Auto Spaces:
    Space          Size  Autos    Used
    COMRAM           95      3       3
    BANK0           160      0       0
    BANK1           256      0       0
    BANK2           256      0       0
    BANK3           256      0       0
    BANK4           256      0       0
    BANK5           256      0       0

Pointer List with Targets:

    None.

Critical Paths under _main in COMRAM

    None.

Critical Paths under _main in BANK0

    None.

Critical Paths under _main in BANK1

    None.

Critical Paths under _main in BANK2

    None.

Critical Paths under _main in BANK3

    None.

Critical Paths under _main in BANK4

    None.

Critical Paths under _main in BANK5

    None.

Call Graph Tables:

 ---------------------------------------------------------------------------------
 (Depth) Function   	        Calls       Base Space   Used Autos Params    Refs
 ---------------------------------------------------------------------------------
 (0) _main                                                 3     3      0      30
                                              0 COMRAM     3     3      0
                  _SYSTEM_Initialize
 ---------------------------------------------------------------------------------
 (1) _SYSTEM_Initialize                                    0     0      0       0
              _OSCILLATOR_Initialize
             _PIN_MANAGER_Initialize
 ---------------------------------------------------------------------------------
 (2) _PIN_MANAGER_Initialize                               0     0      0       0
 ---------------------------------------------------------------------------------
 (2) _OSCILLATOR_Initialize                                0     0      0       0
 ---------------------------------------------------------------------------------
 Estimated maximum stack depth 2
 ---------------------------------------------------------------------------------

 Call Graph Graphs:

 _main (ROOT)
   _SYSTEM_Initialize
     _OSCILLATOR_Initialize
     _PIN_MANAGER_Initialize

 Address spaces:
Name               Size   Autos  Total    Cost      Usage
BITCOMRAM           5F      0       0       0        0.0%
EEDATA             100      0       0       0        0.0%
NULL                 0      0       0       0        0.0%
CODE                 0      0       0       0        0.0%
COMRAM              5F      3       3       1        3.2%
STACK                0      0       0       2        0.0%
BITBANK0            A0      0       0       3        0.0%
BANK0               A0      0       0       4        0.0%
BITBANK1           100      0       0       5        0.0%
BANK1              100      0       0       6        0.0%
BITBANK2           100      0       0       7        0.0%
BANK2              100      0       0       8        0.0%
ABS                  0      0       0       9        0.0%
BITBANK3           100      0       0      10        0.0%
BANK3              100      0       0      11        0.0%
BITBANK4           100      0       0      12        0.0%
BANK4              100      0       0      13        0.0%
BITBANK5           100      0       0      14        0.0%
BANK5              100      0       0      15        0.0%
BIGRAM             5FF      0       0      16        0.0%
DATA                 0      0       0      17        0.0%
BITSFR_1             0      0       0      40        0.0%
SFR_1                0      0       0      40        0.0%
BITSFR               0      0       0      40        0.0%
SFR                  0      0       0      40        0.0%


Microchip Technology PIC18 Macro Assembler V1.35 build -356382666 
Symbol Table                                                                                   Wed Dec 09 00:15:29 2015

                             u10 7F8C                               u57 7FAC  
                   __CFG_CP0$OFF 000000                     __CFG_CP1$OFF 000000  
                   __CFG_CP2$OFF 000000                     __CFG_CP3$OFF 000000  
                            l693 7FA6                              l685 7F84  
                            l687 7F8E                              l689 7F96  
                   __CFG_CPB$OFF 000000                     __CFG_CPD$OFF 000000  
                            wreg 000FE8                     __CFG_LVP$OFF 000000  
                           _LATA 000F89                             _LATB 000F8A  
                           _LATC 000F8B                             _LATD 000F8C  
                           _LATE 000F8D                             _WPUB 000F61  
                           _main 7F80                    __CFG_BORV$190 000000  
                           start 0000                    __CFG_IESO$OFF 000000  
                   ___param_bank 000010   __size_of_OSCILLATOR_Initialize 000E  
  __end_of_OSCILLATOR_Initialize 7F80                            ?_main 0001  
                          _LATB0 007C50                   __CFG_DEBUG$OFF 000000  
                          _TRISA 000F92                            _TRISB 000F93  
                          _TRISC 000F94                            _TRISD 000F95  
                          _TRISE 000F96                    __CFG_WRT0$OFF 000000  
                  __CFG_WRT1$OFF 000000                    __CFG_WRT2$OFF 000000  
                  __CFG_WRT3$OFF 000000                   __CFG_EBTR0$OFF 000000  
                 __CFG_FCMEN$OFF 000000                   __CFG_EBTR1$OFF 000000  
                 __CFG_EBTR2$OFF 000000                   __CFG_EBTR3$OFF 000000  
                  __CFG_WRTB$OFF 000000                    __CFG_WRTC$OFF 000000  
                  __CFG_WRTD$OFF 000000                   __CFG_EBTRB$OFF 000000  
             __CFG_MCLRE$EXTMCLR 000000                            main@i 0002  
                          status 000FD8                   __CFG_HFOFST$ON 000000  
                 __CFG_FOSC$HSMP 000000                   __CFG_PBADEN$ON 000000  
                __initialization 7F62                     __end_of_main 7FBA  
                         ??_main 0001                    __activetblptr 000000  
                         _ANSELA 000F38                           _ANSELB 000F39  
                         _ANSELC 000F3A                           _ANSELD 000F3B  
                         _ANSELE 000F3C                   __CFG_WDTEN$OFF 000000  
                         _OSCCON 000FD3                   __CFG_XINST$OFF 000000  
                 __CFG_STVREN$ON 000000                _SYSTEM_Initialize 7F68  
                     __accesstop 0060          __end_of__initialization 7F62  
             ?_SYSTEM_Initialize 0001                    ___rparam_used 000001  
                 __pcstackCOMRAM 0001              ??_SYSTEM_Initialize 0001  
      __end_of_SYSTEM_Initialize 7F72                  __CFG_PLLCFG$OFF 000000  
             __CFG_CCP2MX$PORTC1 000000               __CFG_CCP3MX$PORTB5 000000  
                        _OSCCON2 000FD2                __CFG_PRICLKEN$OFF 000000  
                        _OSCTUNE 000F9B                  __CFG_PWRTEN$OFF 000000  
                        __Hparam 0000                          __Lparam 0000  
                        __pcinit 7F62                          __ramtop 0600  
                        __ptext0 7F80                          __ptext1 7F68  
                        __ptext2 7FBA                          __ptext3 7F72  
          _OSCILLATOR_Initialize 7F72         ??_PIN_MANAGER_Initialize 0001  
     __size_of_SYSTEM_Initialize 000A             end_of_initialization 7F62  
         ?_OSCILLATOR_Initialize 0001              start_initialization 7F62  
__size_of_PIN_MANAGER_Initialize 0046           _PIN_MANAGER_Initialize 7FBA  
               __CFG_WDTPS$32768 000000                      _INTCON2bits 000FF1  
                       __Hrparam 0000                         __Lrparam 0000  
             __CFG_BOREN$SBORDIS 000000                __CFG_P2BMX$PORTD2 000000  
        ??_OSCILLATOR_Initialize 0001                    __size_of_main 003A  
        ?_PIN_MANAGER_Initialize 0001                __CFG_T3CMX$PORTC0 000000  
 __end_of_PIN_MANAGER_Initialize 8000  
