

Microchip Technology PIC18 LITE Macro Assembler V1.35 build -356382666 
                                                                                               Thu Dec 10 12:06:59 2015

Microchip Technology Omniscient Code Generator v1.35 (Free mode) build 201507080246
     1                           	processor	18F4520
     2                           	fnconf	rparam,??,?,0
     3                           	opt	pw 120
     4                           	opt	lm
     5                           	psect	cinit,global,reloc=2,class=CODE,delta=1
     6                           	psect	cstackCOMRAM,global,class=COMRAM,space=1,delta=1
     7                           	psect	text0,global,reloc=2,class=CODE,delta=1
     8                           	psect	text1,global,reloc=2,class=CODE,delta=1
     9                           	psect	intcode,global,reloc=2,class=CODE,delta=1
    10                           	psect	intcode_body,global,reloc=2,class=CODE,delta=1
    11                           	psect	intsave_regs,global,class=BIGRAM,space=1,delta=1
    12                           	psect	rparam,global,class=COMRAM,space=1,delta=1
    13                           	psect	temp,global,ovrld,common,class=COMRAM,space=1,delta=1
    14  0000                     _INTCON2bits	set	4081
    15  0000                     _INTCONbits	set	4082
    16  0000                     _PORTBbits	set	3969
    17  0000                     _TRISB	set	3987
    18                           
    19                           ; #config settings
    20  0000                     
    21                           	psect	cinit
    22  000192                     __pcinit:
    23                           	opt stack 0
    24  000192                     start_initialization:
    25                           	opt stack 0
    26  000192                     __initialization:
    27                           	opt stack 0
    28  000192                     end_of_initialization:
    29                           	opt stack 0
    30  000192                     __end_of__initialization:
    31                           	opt stack 0
    32  000192  901B               	bcf	int$flags,0,c	;clear compiler interrupt flag (level 1)
    33  000194  921B               	bcf	int$flags,1,c	;clear compiler interrupt flag (level 2)
    34  000196  0100               	movlb	0
    35  000198  EF8E  F000         	goto	_main	;jump to C main() function
    36                           
    37                           	psect	cstackCOMRAM
    38  000001                     __pcstackCOMRAM:
    39                           	opt stack 0
    40  000001                     ??_CheckSwitchPressed:
    41                           
    42                           ; 0 bytes @ 0x0
    43  000001                     	ds	15
    44  000010                     CheckSwitchPressed@flash_count:
    45                           	opt stack 0
    46                           
    47                           ; 2 bytes @ 0xF
    48  000010                     	ds	2
    49  000012                     CheckSwitchPressed@count:
    50                           	opt stack 0
    51                           
    52                           ; 2 bytes @ 0x11
    53  000012                     	ds	2
    54  000014                     CheckSwitchPressed@count_353:
    55                           	opt stack 0
    56                           
    57                           ; 2 bytes @ 0x13
    58  000014                     	ds	2
    59  000016                     ??_main:
    60                           
    61                           ; 0 bytes @ 0x15
    62  000016                     	ds	1
    63  000017                     main@count:
    64                           	opt stack 0
    65                           
    66                           ; 2 bytes @ 0x16
    67  000017                     	ds	2
    68  000019                     main@count_112:
    69                           	opt stack 0
    70                           
    71                           ; 2 bytes @ 0x18
    72  000019                     	ds	2
    73                           
    74 ;;
    75 ;;Main: autosize = 0, tempsize = 1, incstack = 0, save=0
    76 ;;
    77 ;; *************** function _main *****************
    78 ;; Defined at:
    79 ;;		line 8 in file "Main.c"
    80 ;; Parameters:    Size  Location     Type
    81 ;;		None
    82 ;; Auto vars:     Size  Location     Type
    83 ;;  count           2   24[COMRAM] int 
    84 ;;  count           2   22[COMRAM] int 
    85 ;; Return value:  Size  Location     Type
    86 ;;		None               void
    87 ;; Registers used:
    88 ;;		wreg, status,2, status,0, cstack
    89 ;; Tracked objects:
    90 ;;		On entry : 0/0
    91 ;;		On exit  : 0/0
    92 ;;		Unchanged: 0/0
    93 ;; Data sizes:     COMRAM   BANK0   BANK1   BANK2   BANK3   BANK4   BANK5
    94 ;;      Params:         0       0       0       0       0       0       0
    95 ;;      Locals:         4       0       0       0       0       0       0
    96 ;;      Temps:          1       0       0       0       0       0       0
    97 ;;      Totals:         5       0       0       0       0       0       0
    98 ;;Total ram usage:        5 bytes
    99 ;; Hardware stack levels required when called:    2
   100 ;; This function calls:
   101 ;;		_init
   102 ;; This function is called by:
   103 ;;		Startup code after reset
   104 ;; This function uses a non-reentrant model
   105 ;;
   106                           
   107                           	psect	text0
   108  00011C                     __ptext0:
   109                           	opt stack 0
   110  00011C                     _main:
   111                           	opt stack 29
   112                           
   113                           ;Main.c: 9: init();
   114                           
   115                           ;incstack = 0
   116  00011C  ECC2  F000         	call	_init	;wreg free
   117  000120                     l651:
   118                           
   119                           ;Main.c: 12: {
   120                           ;Main.c: 14: PORTBbits.RB4 = 1;
   121  000120  8881               	bsf	3969,4,c	;volatile
   122                           
   123                           ;Main.c: 15: for (int count=0; count<20; count++)
   124  000122  0E00               	movlw	0
   125  000124  6E18               	movwf	main@count+1,c
   126  000126  0E00               	movlw	0
   127  000128  6E17               	movwf	main@count,c
   128  00012A  BE18               	btfsc	main@count+1,7,c
   129  00012C  D006               	goto	l659
   130  00012E  5018               	movf	main@count+1,w,c
   131  000130  E112               	bnz	l11
   132  000132  0E14               	movlw	20
   133  000134  5C17               	subwf	main@count,w,c
   134  000136  B0D8               	btfsc	status,0,c
   135  000138  D00E               	goto	l11
   136  00013A                     l659:
   137                           
   138                           ;Main.c: 16: _delay((unsigned long)((50)*(8000000/4000.0)));
   139  00013A  0E82               	movlw	130
   140  00013C  6E16               	movwf	??_main& (0+255),c
   141  00013E  0EDE               	movlw	222
   142  000140                     u127:
   143  000140  2EE8               	decfsz	wreg,f,c
   144  000142  D7FE               	goto	u127
   145  000144  2E16               	decfsz	??_main& (0+255),f,c
   146  000146  D7FC               	goto	u127
   147  000148  4A17               	infsnz	main@count,f,c
   148  00014A  2A18               	incf	main@count+1,f,c
   149  00014C  BE18               	btfsc	main@count+1,7,c
   150  00014E  D7F5               	goto	l659
   151  000150  5018               	movf	main@count+1,w,c
   152  000152  E101               	bnz	u20
   153  000154  D7EE               	goto	L1
   154  000156                     u20:
   155  000156                     l11:
   156                           
   157                           ;Main.c: 17: PORTBbits.RB4 = 0;
   158  000156  9881               	bcf	3969,4,c	;volatile
   159                           
   160                           ;Main.c: 18: for (int count=0; count<20; count++)
   161  000158  0E00               	movlw	0
   162  00015A  6E1A               	movwf	main@count_112+1,c
   163  00015C  0E00               	movlw	0
   164  00015E  6E19               	movwf	main@count_112,c
   165  000160                     l665:
   166  000160  BE1A               	btfsc	main@count_112+1,7,c
   167  000162  D006               	goto	l669
   168  000164  501A               	movf	main@count_112+1,w,c
   169  000166  E1DC               	bnz	l651
   170  000168  0E14               	movlw	20
   171  00016A  5C19               	subwf	main@count_112,w,c
   172  00016C  B0D8               	btfsc	status,0,c
   173  00016E  D7D8               	goto	l651
   174  000170                     l669:
   175                           
   176                           ;Main.c: 19: _delay((unsigned long)((50)*(8000000/4000.0)));
   177  000170  0E82               	movlw	130
   178  000172  6E16               	movwf	??_main& (0+255),c
   179  000174  0EDE               	movlw	222
   180  000176                     u137:
   181  000176  2EE8               	decfsz	wreg,f,c
   182  000178  D7FE               	goto	u137
   183  00017A  2E16               	decfsz	??_main& (0+255),f,c
   184  00017C  D7FC               	goto	u137
   185  00017E  4A19               	infsnz	main@count_112,f,c
   186  000180  2A1A               	incf	main@count_112+1,f,c
   187  000182  D7EE               	goto	l665
   188  000184                     __end_of_main:
   189                           	opt stack 0
   190                           wreg	equ	0xFE8
   191                           status	equ	0xFD8
   192                           
   193 ;; *************** function _init *****************
   194 ;; Defined at:
   195 ;;		line 3 in file "init.c"
   196 ;; Parameters:    Size  Location     Type
   197 ;;		None
   198 ;; Auto vars:     Size  Location     Type
   199 ;;		None
   200 ;; Return value:  Size  Location     Type
   201 ;;		None               void
   202 ;; Registers used:
   203 ;;		wreg, status,2
   204 ;; Tracked objects:
   205 ;;		On entry : 0/0
   206 ;;		On exit  : 0/0
   207 ;;		Unchanged: 0/0
   208 ;; Data sizes:     COMRAM   BANK0   BANK1   BANK2   BANK3   BANK4   BANK5
   209 ;;      Params:         0       0       0       0       0       0       0
   210 ;;      Locals:         0       0       0       0       0       0       0
   211 ;;      Temps:          0       0       0       0       0       0       0
   212 ;;      Totals:         0       0       0       0       0       0       0
   213 ;;Total ram usage:        0 bytes
   214 ;; Hardware stack levels used:    1
   215 ;; Hardware stack levels required when called:    1
   216 ;; This function calls:
   217 ;;		Nothing
   218 ;; This function is called by:
   219 ;;		_main
   220 ;; This function uses a non-reentrant model
   221 ;;
   222                           
   223                           	psect	text1
   224  000184                     __ptext1:
   225                           	opt stack 0
   226  000184                     _init:
   227                           	opt stack 29
   228                           
   229                           ;init.c: 5: TRISB = 0x0F;
   230                           
   231                           ;incstack = 0
   232  000184  0E0F               	movlw	15
   233  000186  6E93               	movwf	3987,c	;volatile
   234                           
   235                           ;init.c: 9: INTCONbits.INT0IF = 0;
   236  000188  92F2               	bcf	intcon,1,c	;volatile
   237                           
   238                           ;init.c: 10: INTCONbits.GIE = 1;
   239  00018A  8EF2               	bsf	intcon,7,c	;volatile
   240                           
   241                           ;init.c: 11: INTCONbits.INT0IE = 1;
   242  00018C  88F2               	bsf	intcon,4,c	;volatile
   243                           
   244                           ;init.c: 12: INTCON2bits.INTEDG0 = 1;
   245  00018E  8CF1               	bsf	intcon2,6,c	;volatile
   246  000190  0012               	return		;funcret
   247  000192                     __end_of_init:
   248                           	opt stack 0
   249                           intcon	equ	0xFF2
   250                           intcon2	equ	0xFF1
   251                           wreg	equ	0xFE8
   252                           status	equ	0xFD8
   253                           
   254 ;; *************** function _CheckSwitchPressed *****************
   255 ;; Defined at:
   256 ;;		line 5 in file "interrupts.c"
   257 ;; Parameters:    Size  Location     Type
   258 ;;		None
   259 ;; Auto vars:     Size  Location     Type
   260 ;;  count           2   19[COMRAM] int 
   261 ;;  count           2   17[COMRAM] int 
   262 ;;  flash_count     2   15[COMRAM] int 
   263 ;; Return value:  Size  Location     Type
   264 ;;		None               void
   265 ;; Registers used:
   266 ;;		wreg, status,2, status,0
   267 ;; Tracked objects:
   268 ;;		On entry : 0/0
   269 ;;		On exit  : 0/0
   270 ;;		Unchanged: 0/0
   271 ;; Data sizes:     COMRAM   BANK0   BANK1   BANK2   BANK3   BANK4   BANK5
   272 ;;      Params:         0       0       0       0       0       0       0
   273 ;;      Locals:         6       0       0       0       0       0       0
   274 ;;      Temps:         15       0       0       0       0       0       0
   275 ;;      Totals:        21       0       0       0       0       0       0
   276 ;;Total ram usage:       21 bytes
   277 ;; Hardware stack levels used:    1
   278 ;; This function calls:
   279 ;;		Nothing
   280 ;; This function is called by:
   281 ;;		Interrupt level 2
   282 ;; This function uses a non-reentrant model
   283 ;;
   284                           
   285                           	psect	intcode
   286  000008                     __pintcode:
   287                           	opt stack 0
   288  000008                     _CheckSwitchPressed:
   289                           	opt stack 29
   290                           
   291                           ;incstack = 0
   292  000008  821B               	bsf	btemp,1,c	;set compiler interrupt flag (level 2)
   293  00000A  CFFA F002          	movff	pclath,??_CheckSwitchPressed+1
   294  00000E  CFFB F003          	movff	pclatu,??_CheckSwitchPressed+2
   295  000012  ED0D  F000         	call	int_func,f	;refresh shadow registers
   296                           pclatu	equ	0xFFB
   297                           pclath	equ	0xFFA
   298                           intcon	equ	0xFF2
   299                           intcon2	equ	0xFF1
   300                           wreg	equ	0xFE8
   301                           status	equ	0xFD8
   302                           
   303                           	psect	intcode_body
   304  00001A                     __pintcode_body:
   305                           	opt stack 29
   306  00001A                     int_func:
   307                           	opt stack 29
   308  00001A  0006               	pop		; remove dummy address from shadow register refresh
   309  00001C  CFE9 F004          	movff	fsr0l,??_CheckSwitchPressed+3
   310  000020  CFEA F005          	movff	fsr0h,??_CheckSwitchPressed+4
   311  000024  CFE1 F006          	movff	fsr1l,??_CheckSwitchPressed+5
   312  000028  CFE2 F007          	movff	fsr1h,??_CheckSwitchPressed+6
   313  00002C  CFD9 F008          	movff	fsr2l,??_CheckSwitchPressed+7
   314  000030  CFDA F009          	movff	fsr2h,??_CheckSwitchPressed+8
   315  000034  CFF3 F00A          	movff	prodl,??_CheckSwitchPressed+9
   316  000038  CFF4 F00B          	movff	prodh,??_CheckSwitchPressed+10
   317  00003C  CFF6 F00C          	movff	tblptrl,??_CheckSwitchPressed+11
   318  000040  CFF7 F00D          	movff	tblptrh,??_CheckSwitchPressed+12
   319  000044  CFF8 F00E          	movff	tblptru,??_CheckSwitchPressed+13
   320  000048  CFF5 F00F          	movff	tablat,??_CheckSwitchPressed+14
   321                           
   322                           ;interrupts.c: 7: if(INTCONbits.INT0IF == 1)
   323  00004C  A2F2               	btfss	intcon,1,c	;volatile
   324  00004E  D048               	goto	i2l41
   325                           
   326                           ;interrupts.c: 8: {
   327                           ;interrupts.c: 10: for (int flash_count = 0;flash_count <5; flash_count++) {
   328  000050  0E00               	movlw	0
   329  000052  6E11               	movwf	CheckSwitchPressed@flash_count+1,c
   330  000054  0E00               	movlw	0
   331  000056  6E10               	movwf	CheckSwitchPressed@flash_count,c
   332  000058  BE11               	btfsc	CheckSwitchPressed@flash_count+1,7,c
   333  00005A  D006               	goto	i2l35
   334  00005C  5011               	movf	CheckSwitchPressed@flash_count+1,w,c
   335  00005E  E13F               	bnz	i2l36
   336  000060  0E05               	movlw	5
   337  000062  5C10               	subwf	CheckSwitchPressed@flash_count,w,c
   338  000064  B0D8               	btfsc	status,0,c
   339  000066  D03B               	goto	i2l36
   340  000068                     i2l35:
   341                           
   342                           ;interrupts.c: 11: PORTBbits.RB5 = 1;
   343  000068  8A81               	bsf	3969,5,c	;volatile
   344                           
   345                           ;interrupts.c: 12: for (int count=0; count<20; count++) _delay((unsigned long)((15)*(800
      +                          0000/4000.0)));
   346  00006A  0E00               	movlw	0
   347  00006C  6E13               	movwf	CheckSwitchPressed@count+1,c
   348  00006E  0E00               	movlw	0
   349  000070  6E12               	movwf	CheckSwitchPressed@count,c
   350  000072  BE13               	btfsc	CheckSwitchPressed@count+1,7,c
   351  000074  D006               	goto	i2l687
   352  000076  5013               	movf	CheckSwitchPressed@count+1,w,c
   353  000078  E113               	bnz	i2l38
   354  00007A  0E14               	movlw	20
   355  00007C  5C12               	subwf	CheckSwitchPressed@count,w,c
   356  00007E  B0D8               	btfsc	status,0,c
   357  000080  D00F               	goto	i2l38
   358  000082                     i2l687:
   359  000082  0E27               	movlw	39
   360  000084  6E01               	movwf	??_CheckSwitchPressed& (0+255),c
   361  000086  0EF5               	movlw	245
   362  000088                     i2u14_47:
   363  000088  2EE8               	decfsz	wreg,f,c
   364  00008A  D7FE               	goto	i2u14_47
   365  00008C  2E01               	decfsz	??_CheckSwitchPressed& (0+255),f,c
   366  00008E  D7FC               	goto	i2u14_47
   367  000090  F000               	nop	
   368  000092  4A12               	infsnz	CheckSwitchPressed@count,f,c
   369  000094  2A13               	incf	CheckSwitchPressed@count+1,f,c
   370  000096  BE13               	btfsc	CheckSwitchPressed@count+1,7,c
   371  000098  D7F4               	goto	i2l687
   372  00009A  5013               	movf	CheckSwitchPressed@count+1,w,c
   373  00009C  E101               	bnz	i2u8_40
   374  00009E  D7ED               	goto	L2
   375  0000A0                     i2u8_40:
   376  0000A0                     i2l38:
   377                           
   378                           ;interrupts.c: 13: PORTBbits.RB5 = 0;
   379  0000A0  9A81               	bcf	3969,5,c	;volatile
   380                           
   381                           ;interrupts.c: 14: for (int count=0; count<20; count++) _delay((unsigned long)((15)*(800
      +                          0000/4000.0)));
   382  0000A2  0E00               	movlw	0
   383  0000A4  6E15               	movwf	CheckSwitchPressed@count_353+1,c
   384  0000A6  0E00               	movlw	0
   385  0000A8  6E14               	movwf	CheckSwitchPressed@count_353,c
   386  0000AA                     i2l693:
   387  0000AA  BE15               	btfsc	CheckSwitchPressed@count_353+1,7,c
   388  0000AC  D006               	goto	i2l697
   389  0000AE  5015               	movf	CheckSwitchPressed@count_353+1,w,c
   390  0000B0  E10F               	bnz	i2l701
   391  0000B2  0E14               	movlw	20
   392  0000B4  5C14               	subwf	CheckSwitchPressed@count_353,w,c
   393  0000B6  B0D8               	btfsc	status,0,c
   394  0000B8  D00B               	goto	i2l701
   395  0000BA                     i2l697:
   396  0000BA  0E27               	movlw	39
   397  0000BC  6E01               	movwf	??_CheckSwitchPressed& (0+255),c
   398  0000BE  0EF5               	movlw	245
   399  0000C0                     i2u15_47:
   400  0000C0  2EE8               	decfsz	wreg,f,c
   401  0000C2  D7FE               	goto	i2u15_47
   402  0000C4  2E01               	decfsz	??_CheckSwitchPressed& (0+255),f,c
   403  0000C6  D7FC               	goto	i2u15_47
   404  0000C8  F000               	nop	
   405  0000CA  4A14               	infsnz	CheckSwitchPressed@count_353,f,c
   406  0000CC  2A15               	incf	CheckSwitchPressed@count_353+1,f,c
   407  0000CE  D7ED               	goto	i2l693
   408  0000D0                     i2l701:
   409  0000D0  4A10               	infsnz	CheckSwitchPressed@flash_count,f,c
   410  0000D2  2A11               	incf	CheckSwitchPressed@flash_count+1,f,c
   411  0000D4  BE11               	btfsc	CheckSwitchPressed@flash_count+1,7,c
   412  0000D6  D7C8               	goto	i2l35
   413  0000D8  5011               	movf	CheckSwitchPressed@flash_count+1,w,c
   414  0000DA  E101               	bnz	i2u11_40
   415  0000DC  D7C1               	goto	L3
   416  0000DE                     i2u11_40:
   417  0000DE                     i2l36:
   418                           
   419                           ;interrupts.c: 15: }
   420                           ;interrupts.c: 16: INTCONbits.INT0IF = 0;
   421  0000DE  92F2               	bcf	intcon,1,c	;volatile
   422  0000E0                     i2l41:
   423  0000E0  C00F  FFF5         	movff	??_CheckSwitchPressed+14,tablat
   424  0000E4  C00E  FFF8         	movff	??_CheckSwitchPressed+13,tblptru
   425  0000E8  C00D  FFF7         	movff	??_CheckSwitchPressed+12,tblptrh
   426  0000EC  C00C  FFF6         	movff	??_CheckSwitchPressed+11,tblptrl
   427  0000F0  C00B  FFF4         	movff	??_CheckSwitchPressed+10,prodh
   428  0000F4  C00A  FFF3         	movff	??_CheckSwitchPressed+9,prodl
   429  0000F8  C009  FFDA         	movff	??_CheckSwitchPressed+8,fsr2h
   430  0000FC  C008  FFD9         	movff	??_CheckSwitchPressed+7,fsr2l
   431  000100  C007  FFE2         	movff	??_CheckSwitchPressed+6,fsr1h
   432  000104  C006  FFE1         	movff	??_CheckSwitchPressed+5,fsr1l
   433  000108  C005  FFEA         	movff	??_CheckSwitchPressed+4,fsr0h
   434  00010C  C004  FFE9         	movff	??_CheckSwitchPressed+3,fsr0l
   435  000110  C003  FFFB         	movff	??_CheckSwitchPressed+2,pclatu
   436  000114  C002  FFFA         	movff	??_CheckSwitchPressed+1,pclath
   437  000118  921B               	bcf	btemp,1,c	;clear compiler interrupt flag (level 2)
   438  00011A  0011               	retfie		f
   439  00011C                     __end_of_CheckSwitchPressed:
   440                           	opt stack 0
   441  0000                     pclatu	equ	0xFFB
   442                           pclath	equ	0xFFA
   443                           tblptru	equ	0xFF8
   444                           tblptrh	equ	0xFF7
   445                           tblptrl	equ	0xFF6
   446                           tablat	equ	0xFF5
   447                           prodh	equ	0xFF4
   448                           prodl	equ	0xFF3
   449                           intcon	equ	0xFF2
   450                           intcon2	equ	0xFF1
   451                           fsr0h	equ	0xFEA
   452                           fsr0l	equ	0xFE9
   453                           wreg	equ	0xFE8
   454                           fsr1h	equ	0xFE2
   455                           fsr1l	equ	0xFE1
   456                           fsr2h	equ	0xFDA
   457                           fsr2l	equ	0xFD9
   458                           status	equ	0xFD8
   459                           pclatu	equ	0xFFB
   460                           pclath	equ	0xFFA
   461                           tblptru	equ	0xFF8
   462                           tblptrh	equ	0xFF7
   463                           tblptrl	equ	0xFF6
   464                           tablat	equ	0xFF5
   465                           prodh	equ	0xFF4
   466                           prodl	equ	0xFF3
   467                           intcon	equ	0xFF2
   468                           intcon2	equ	0xFF1
   469                           fsr0h	equ	0xFEA
   470                           fsr0l	equ	0xFE9
   471                           wreg	equ	0xFE8
   472                           fsr1h	equ	0xFE2
   473                           fsr1l	equ	0xFE1
   474                           fsr2h	equ	0xFDA
   475                           fsr2l	equ	0xFD9
   476                           status	equ	0xFD8
   477                           
   478                           	psect	rparam
   479  0000                     pclatu	equ	0xFFB
   480                           pclath	equ	0xFFA
   481                           tblptru	equ	0xFF8
   482                           tblptrh	equ	0xFF7
   483                           tblptrl	equ	0xFF6
   484                           tablat	equ	0xFF5
   485                           prodh	equ	0xFF4
   486                           prodl	equ	0xFF3
   487                           intcon	equ	0xFF2
   488                           intcon2	equ	0xFF1
   489                           fsr0h	equ	0xFEA
   490                           fsr0l	equ	0xFE9
   491                           wreg	equ	0xFE8
   492                           fsr1h	equ	0xFE2
   493                           fsr1l	equ	0xFE1
   494                           fsr2h	equ	0xFDA
   495                           fsr2l	equ	0xFD9
   496                           status	equ	0xFD8
   497                           
   498                           	psect	temp
   499  00001B                     btemp:
   500                           	opt stack 0
   501  00001B                     	ds	1
   502  0000                     int$flags	set	btemp
   503                           pclatu	equ	0xFFB
   504                           pclath	equ	0xFFA
   505                           tblptru	equ	0xFF8
   506                           tblptrh	equ	0xFF7
   507                           tblptrl	equ	0xFF6
   508                           tablat	equ	0xFF5
   509                           prodh	equ	0xFF4
   510                           prodl	equ	0xFF3
   511                           intcon	equ	0xFF2
   512                           intcon2	equ	0xFF1
   513                           fsr0h	equ	0xFEA
   514                           fsr0l	equ	0xFE9
   515                           wreg	equ	0xFE8
   516                           fsr1h	equ	0xFE2
   517                           fsr1l	equ	0xFE1
   518                           fsr2h	equ	0xFDA
   519                           fsr2l	equ	0xFD9
   520                           status	equ	0xFD8


Data Sizes:
    Strings     0
    Constant    0
    Data        0
    BSS         0
    Persistent  0
    Stack       0

Auto Spaces:
    Space          Size  Autos    Used
    COMRAM          126     26      26
    BANK0           128      0       0
    BANK1           256      0       0
    BANK2           256      0       0
    BANK3           256      0       0
    BANK4           256      0       0
    BANK5           256      0       0

Pointer List with Targets:

    None.

Critical Paths under _main in COMRAM

    None.

Critical Paths under _CheckSwitchPressed in COMRAM

    None.

Critical Paths under _main in BANK0

    None.

Critical Paths under _CheckSwitchPressed in BANK0

    None.

Critical Paths under _main in BANK1

    None.

Critical Paths under _CheckSwitchPressed in BANK1

    None.

Critical Paths under _main in BANK2

    None.

Critical Paths under _CheckSwitchPressed in BANK2

    None.

Critical Paths under _main in BANK3

    None.

Critical Paths under _CheckSwitchPressed in BANK3

    None.

Critical Paths under _main in BANK4

    None.

Critical Paths under _CheckSwitchPressed in BANK4

    None.

Critical Paths under _main in BANK5

    None.

Critical Paths under _CheckSwitchPressed in BANK5

    None.

Call Graph Tables:

 ---------------------------------------------------------------------------------
 (Depth) Function   	        Calls       Base Space   Used Autos Params    Refs
 ---------------------------------------------------------------------------------
 (0) _main                                                 5     5      0      60
                                             21 COMRAM     5     5      0
                               _init
 ---------------------------------------------------------------------------------
 (1) _init                                                 0     0      0       0
 ---------------------------------------------------------------------------------
 Estimated maximum stack depth 1
 ---------------------------------------------------------------------------------
 (Depth) Function   	        Calls       Base Space   Used Autos Params    Refs
 ---------------------------------------------------------------------------------
 (2) _CheckSwitchPressed                                  21    21      0      90
                                              0 COMRAM    21    21      0
 ---------------------------------------------------------------------------------
 Estimated maximum stack depth 2
 ---------------------------------------------------------------------------------

 Call Graph Graphs:

 _main (ROOT)
   _init

 _CheckSwitchPressed (ROOT)

 Address spaces:
Name               Size   Autos  Total    Cost      Usage
BITCOMRAM           7E      0       0       0        0.0%
EEDATA             100      0       0       0        0.0%
NULL                 0      0       0       0        0.0%
CODE                 0      0       0       0        0.0%
COMRAM              7E     1A      1A       1       20.6%
STACK                0      0       0       2        0.0%
DATA                 0      0       0       3        0.0%
BITBANK0            80      0       0       4        0.0%
BANK0               80      0       0       5        0.0%
BITBANK1           100      0       0       6        0.0%
BANK1              100      0       0       7        0.0%
BITBANK2           100      0       0       8        0.0%
BANK2              100      0       0       9        0.0%
BITBANK3           100      0       0      10        0.0%
BANK3              100      0       0      11        0.0%
BITBANK4           100      0       0      12        0.0%
BANK4              100      0       0      13        0.0%
BANK5              100      0       0      14        0.0%
ABS                  0      0       0      15        0.0%
BITBANK5           100      0       0      16        0.0%
BIGRAM             5FF      0       0      17        0.0%
BITSFR               0      0       0      40        0.0%
SFR                  0      0       0      40        0.0%


Microchip Technology PIC18 Macro Assembler V1.35 build -356382666 
Symbol Table                                                                                   Thu Dec 10 12:06:59 2015

                           l11 0156                             u20 0156                    __CFG_BORV$3 000000  
                 __CFG_CP0$OFF 000000                   __CFG_CP1$OFF 000000                   __CFG_CP2$OFF 000000  
                 __CFG_CP3$OFF 000000                    __CFG_OSC$HS 000000                    __CFG_LVP$ON 000000  
                          l651 0120                            l665 0160                            l659 013A  
                          l669 0170                   __CFG_CPB$OFF 000000                            u127 0140  
                          u137 0176                   __CFG_CPD$OFF 000000                            wreg 000FE8  
                 __CFG_WDT$OFF 000000                           i2l41 00E0                           i2l35 0068  
                         i2l36 00DE                           i2l38 00A0                           _main 011C  
                         _init 0184                           fsr0h 000FEA                           fsr1h 000FE2  
                         fsr0l 000FE9                           fsr2h 000FDA                           fsr1l 000FE1  
                         fsr2l 000FD9                           btemp 001B                           pclat 000FFA  
                         prodh 000FF4                           prodl 000FF3                           start 0016  
                __CFG_IESO$OFF 000000                  __CFG_MCLRE$ON 000000                   ___param_bank 000010  
                        ?_main 0001                          ?_init 0001                          i2l701 00D0  
                        i2l693 00AA                          i2l687 0082                          i2l697 00BA  
                        _TRISB 000F93                  __CFG_PWRT$OFF 000000                  __CFG_WRT0$OFF 000000  
                __CFG_WRT1$OFF 000000                  __CFG_WRT2$OFF 000000                  __CFG_WRT3$OFF 000000  
               __CFG_EBTR0$OFF 000000                 __CFG_FCMEN$OFF 000000                 __CFG_EBTR1$OFF 000000  
               __CFG_EBTR2$OFF 000000                 __CFG_EBTR3$OFF 000000                  __CFG_WRTB$OFF 000000  
                __CFG_WRTC$OFF 000000                  __CFG_WRTD$OFF 000000                 __CFG_EBTRB$OFF 000000  
               __CFG_BOREN$OFF 000000                          tablat 000FF5                          status 000FD8  
              __initialization 0192                   __end_of_main 0184                   __end_of_init 0192  
                       ??_main 0016                         ??_init 0016                  __activetblptr 000000  
  __size_of_CheckSwitchPressed 0114                  main@count_112 0019                         i2u8_40 00A0  
               __CFG_XINST$OFF 000000                 __CFG_STVREN$ON 000000                         tblptrh 000FF7  
                       tblptrl 000FF6                         tblptru 000FF8                     __accesstop 0080  
      __end_of__initialization 0192                __CFG_PBADEN$OFF 000000                  ___rparam_used 000001  
               __pcstackCOMRAM 0001    CheckSwitchPressed@count_353 0014                        i2u11_40 00DE  
                      i2u14_47 0088                        i2u15_47 00C0                        __Hparam 0000  
                      __Lparam 0000                        __pcinit 0192                        __ramtop 0600  
                      __ptext0 011C                        __ptext1 0184                 __pintcode_body 001A  
         end_of_initialization 0192                        int_func 001A                      _PORTBbits 000F81  
   __end_of_CheckSwitchPressed 011C        CheckSwitchPressed@count 0012            start_initialization 0192  
             __CFG_LPT1OSC$OFF 000000              __CFG_CCP2MX$PORTC 000000                      __pintcode 0008  
CheckSwitchPressed@flash_count 0010               __CFG_WDTPS$32768 000000                      main@count 0017  
                  _INTCON2bits 000FF1             _CheckSwitchPressed 0008                       __Hrparam 0000  
          ?_CheckSwitchPressed 0001                       __Lrparam 0000           ??_CheckSwitchPressed 0001  
                __size_of_main 0068                  __size_of_init 000E                       int$flags 001B  
                   _INTCONbits 000FF2                       intlevel2 0000  
