

Microchip Technology PIC LITE Macro Assembler V1.35 build -356382666 
                                                                                               Thu Dec 10 13:48:16 2015

Microchip Technology Omniscient Code Generator v1.35 (Free mode) build 201507080246
     1                           	processor	16F628A
     2                           	opt	pw 120
     3                           	opt	lm
     4                           	psect	cinit,global,class=CODE,merge=1,delta=2
     5                           	psect	cstackCOMMON,global,class=COMMON,space=1,delta=1
     6                           	psect	maintext,global,class=CODE,split=1,delta=2
     7                           	psect	text1,local,class=CODE,merge=1,delta=2
     8                           	psect	text2,local,class=CODE,merge=1,delta=2
     9                           	psect	text3,local,class=CODE,merge=1,delta=2
    10                           	psect	text4,local,class=CODE,merge=1,delta=2
    11                           	psect	text5,local,class=CODE,merge=1,delta=2
    12                           	psect	text6,local,class=CODE,merge=1,delta=2
    13                           	dabs	1,0x7E,2
    14  0000                     	;# 
    15  0001                     	;# 
    16  0002                     	;# 
    17  0003                     	;# 
    18  0004                     	;# 
    19  0005                     	;# 
    20  0006                     	;# 
    21  000A                     	;# 
    22  000B                     	;# 
    23  000C                     	;# 
    24  000E                     	;# 
    25  000E                     	;# 
    26  000F                     	;# 
    27  0010                     	;# 
    28  0011                     	;# 
    29  0012                     	;# 
    30  0015                     	;# 
    31  0015                     	;# 
    32  0016                     	;# 
    33  0017                     	;# 
    34  0018                     	;# 
    35  0019                     	;# 
    36  001A                     	;# 
    37  001F                     	;# 
    38  0081                     	;# 
    39  0085                     	;# 
    40  0086                     	;# 
    41  008C                     	;# 
    42  008E                     	;# 
    43  0092                     	;# 
    44  0098                     	;# 
    45  0099                     	;# 
    46  009A                     	;# 
    47  009B                     	;# 
    48  009C                     	;# 
    49  009D                     	;# 
    50  009F                     	;# 
    51  0000                     	;# 
    52  0001                     	;# 
    53  0002                     	;# 
    54  0003                     	;# 
    55  0004                     	;# 
    56  0005                     	;# 
    57  0006                     	;# 
    58  000A                     	;# 
    59  000B                     	;# 
    60  000C                     	;# 
    61  000E                     	;# 
    62  000E                     	;# 
    63  000F                     	;# 
    64  0010                     	;# 
    65  0011                     	;# 
    66  0012                     	;# 
    67  0015                     	;# 
    68  0015                     	;# 
    69  0016                     	;# 
    70  0017                     	;# 
    71  0018                     	;# 
    72  0019                     	;# 
    73  001A                     	;# 
    74  001F                     	;# 
    75  0081                     	;# 
    76  0085                     	;# 
    77  0086                     	;# 
    78  008C                     	;# 
    79  008E                     	;# 
    80  0092                     	;# 
    81  0098                     	;# 
    82  0099                     	;# 
    83  009A                     	;# 
    84  009B                     	;# 
    85  009C                     	;# 
    86  009D                     	;# 
    87  009F                     	;# 
    88  002C                     _RA4	set	44
    89  0030                     _RB0	set	48
    90  042C                     _TRISA4	set	1068
    91  0430                     _TRISB0	set	1072
    92                           
    93                           ; #config settings
    94  0000                     
    95                           	psect	cinit
    96  07FE                     start_initialization:	
    97  07FE                     __initialization:	
    98  07FE                     end_of_initialization:	
    99                           ;End of C runtime variable initialization code
   100                           
   101  07FE                     __end_of__initialization:	
   102  07FE  0183               	clrf	3
   103  07FF  2F25               	ljmp	_main	;jump to C main() function
   104                           
   105                           	psect	cstackCOMMON
   106  0070                     __pcstackCOMMON:	
   107  0070                     ?_InitI2C:	
   108  0070                     ??_InitI2C:	
   109                           ; 0 bytes @ 0x0
   110                           
   111  0070                     ?_I2C_Start:	
   112                           ; 0 bytes @ 0x0
   113                           
   114  0070                     ??_I2C_Start:	
   115                           ; 0 bytes @ 0x0
   116                           
   117  0070                     ?_I2C_Write_Byte:	
   118                           ; 0 bytes @ 0x0
   119                           
   120  0070                     ??_I2C_Write_Byte:	
   121                           ; 1 bit 
   122                           
   123  0070                     ??_I2C_Read_Byte:	
   124                           ; 0 bytes @ 0x0
   125                           
   126  0070                     ?_I2C_Send_ACK:	
   127                           ; 0 bytes @ 0x0
   128                           
   129  0070                     ??_I2C_Send_ACK:	
   130                           ; 0 bytes @ 0x0
   131                           
   132  0070                     ?_I2C_Stop:	
   133                           ; 0 bytes @ 0x0
   134                           
   135  0070                     ??_I2C_Stop:	
   136                           ; 0 bytes @ 0x0
   137                           
   138  0070                     ?_main:	
   139                           ; 0 bytes @ 0x0
   140                           
   141  0070                     ?_I2C_Read_Byte:	
   142                           ; 0 bytes @ 0x0
   143                           
   144                           
   145                           ; 1 bytes @ 0x0
   146  0070                     	ds	2
   147  0072                     I2C_Read_Byte@RxData:	
   148                           
   149                           ; 1 bytes @ 0x2
   150  0072                     	ds	1
   151  0073                     I2C_Write_Byte@Byte:	
   152  0073                     I2C_Read_Byte@i:	
   153                           ; 1 bytes @ 0x3
   154                           
   155                           
   156                           ; 1 bytes @ 0x3
   157  0073                     	ds	1
   158  0074                     I2C_Write_Byte@i:	
   159                           
   160                           ; 1 bytes @ 0x4
   161  0074                     	ds	1
   162  0075                     ??_main:	
   163                           
   164                           ; 0 bytes @ 0x5
   165  0075                     	ds	1
   166  0076                     main@RxByte:	
   167                           
   168                           ; 1 bytes @ 0x6
   169  0076                     	ds	1
   170                           
   171                           	psect	maintext
   172  0725                     __pmaintext:	
   173 ;;
   174 ;;Main: autosize = 0, tempsize = 1, incstack = 0, save=0
   175 ;;
   176 ;; *************** function _main *****************
   177 ;; Defined at:
   178 ;;		line 15 in file "main.c"
   179 ;; Parameters:    Size  Location     Type
   180 ;;		None
   181 ;; Auto vars:     Size  Location     Type
   182 ;;  RxByte          1    6[COMMON] unsigned char 
   183 ;; Return value:  Size  Location     Type
   184 ;;		None               void
   185 ;; Registers used:
   186 ;;		wreg, status,2, status,0, pclath, cstack
   187 ;; Tracked objects:
   188 ;;		On entry : B00/0
   189 ;;		On exit  : 0/0
   190 ;;		Unchanged: 0/0
   191 ;; Data sizes:     COMMON   BANK0   BANK1   BANK2
   192 ;;      Params:         0       0       0       0
   193 ;;      Locals:         1       0       0       0
   194 ;;      Temps:          1       0       0       0
   195 ;;      Totals:         2       0       0       0
   196 ;;Total ram usage:        2 bytes
   197 ;; Hardware stack levels required when called:    1
   198 ;; This function calls:
   199 ;;		_I2C_Read_Byte
   200 ;;		_I2C_Send_ACK
   201 ;;		_I2C_Start
   202 ;;		_I2C_Stop
   203 ;;		_I2C_Write_Byte
   204 ;;		_InitI2C
   205 ;; This function is called by:
   206 ;;		Startup code after reset
   207 ;; This function uses a non-reentrant model
   208 ;;
   209                           
   210                           
   211                           ;psect for function _main
   212  0725                     _main:	
   213                           
   214                           ;main.c: 17: unsigned char RxByte = 0;
   215                           
   216                           ;incstack = 0
   217                           ; Regs used in _main: [wreg+status,2+status,0+pclath+cstack]
   218  0725  01F6               	clrf	main@RxByte
   219                           
   220                           ;main.c: 19: InitI2C();
   221  0726  271C               	fcall	_InitI2C
   222                           
   223                           ;main.c: 21: I2C_Start();
   224  0727  2731               	fcall	_I2C_Start
   225                           
   226                           ;main.c: 22: I2C_Write_Byte(0xA0);
   227  0728  30A0               	movlw	160
   228  0729  27B8               	fcall	_I2C_Write_Byte
   229                           
   230                           ;main.c: 23: RxByte = I2C_Read_Byte();
   231  072A  277E               	fcall	_I2C_Read_Byte
   232  072B  00F5               	movwf	??_main
   233  072C  0875               	movf	??_main,w
   234  072D  00F6               	movwf	main@RxByte
   235                           
   236                           ;main.c: 24: I2C_Send_ACK();
   237  072E  2745               	fcall	_I2C_Send_ACK
   238                           
   239                           ;main.c: 25: I2C_Stop();
   240  072F  275D               	fcall	_I2C_Stop
   241  0730                     l15:	
   242                           ;main.c: 27: while(1)
   243                           
   244                           
   245                           ;main.c: 28: {
   246  0730  2F30               	goto	l15
   247  0731                     __end_of_main:	
   248                           
   249                           	psect	text1
   250  071C                     __ptext1:	
   251 ;; *************** function _InitI2C *****************
   252 ;; Defined at:
   253 ;;		line 7 in file "I2C.c"
   254 ;; Parameters:    Size  Location     Type
   255 ;;		None
   256 ;; Auto vars:     Size  Location     Type
   257 ;;		None
   258 ;; Return value:  Size  Location     Type
   259 ;;		None               void
   260 ;; Registers used:
   261 ;;		None
   262 ;; Tracked objects:
   263 ;;		On entry : 0/0
   264 ;;		On exit  : 0/0
   265 ;;		Unchanged: 0/0
   266 ;; Data sizes:     COMMON   BANK0   BANK1   BANK2
   267 ;;      Params:         0       0       0       0
   268 ;;      Locals:         0       0       0       0
   269 ;;      Temps:          0       0       0       0
   270 ;;      Totals:         0       0       0       0
   271 ;;Total ram usage:        0 bytes
   272 ;; Hardware stack levels used:    1
   273 ;; This function calls:
   274 ;;		Nothing
   275 ;; This function is called by:
   276 ;;		_main
   277 ;; This function uses a non-reentrant model
   278 ;;
   279                           
   280                           
   281                           ;psect for function _InitI2C
   282  071C                     _InitI2C:	
   283                           
   284                           ;I2C.c: 10: TRISA4 = 1;
   285                           
   286                           ;incstack = 0
   287                           ; Regs used in _InitI2C: []
   288  071C  1683               	bsf	3,5	;RP0=1, select bank1
   289  071D  1303               	bcf	3,6	;RP1=0, select bank1
   290  071E  1605               	bsf	5,4	;volatile
   291                           
   292                           ;I2C.c: 11: TRISB0 = 1;
   293  071F  1406               	bsf	6,0	;volatile
   294                           
   295                           ;I2C.c: 14: RA4 = 0;
   296  0720  1283               	bcf	3,5	;RP0=0, select bank0
   297  0721  1303               	bcf	3,6	;RP1=0, select bank0
   298  0722  1205               	bcf	5,4	;volatile
   299                           
   300                           ;I2C.c: 15: RB0 = 0;
   301  0723  1006               	bcf	6,0	;volatile
   302  0724  0008               	return
   303  0725                     __end_of_InitI2C:	
   304                           
   305                           	psect	text2
   306  07B8                     __ptext2:	
   307 ;; *************** function _I2C_Write_Byte *****************
   308 ;; Defined at:
   309 ;;		line 95 in file "I2C.c"
   310 ;; Parameters:    Size  Location     Type
   311 ;;  Byte            1    wreg     unsigned char 
   312 ;; Auto vars:     Size  Location     Type
   313 ;;  Byte            1    3[COMMON] unsigned char 
   314 ;;  i               1    4[COMMON] unsigned char 
   315 ;; Return value:  Size  Location     Type
   316 ;;		None               void
   317 ;; Registers used:
   318 ;;		wreg, status,2, status,0
   319 ;; Tracked objects:
   320 ;;		On entry : 0/0
   321 ;;		On exit  : 0/0
   322 ;;		Unchanged: 0/0
   323 ;; Data sizes:     COMMON   BANK0   BANK1   BANK2
   324 ;;      Params:         0       0       0       0
   325 ;;      Locals:         2       0       0       0
   326 ;;      Temps:          3       0       0       0
   327 ;;      Totals:         5       0       0       0
   328 ;;Total ram usage:        5 bytes
   329 ;; Hardware stack levels used:    1
   330 ;; This function calls:
   331 ;;		Nothing
   332 ;; This function is called by:
   333 ;;		_main
   334 ;; This function uses a non-reentrant model
   335 ;;
   336                           
   337                           
   338                           ;psect for function _I2C_Write_Byte
   339  07B8                     _I2C_Write_Byte:	
   340                           
   341                           ;incstack = 0
   342                           ; Regs used in _I2C_Write_Byte: [wreg+status,2+status,0]
   343                           ;I2C_Write_Byte@Byte stored from wreg
   344  07B8  00F3               	movwf	I2C_Write_Byte@Byte
   345                           
   346                           ;I2C.c: 97: unsigned char i;
   347                           ;I2C.c: 99: for(i=0;i<8;i++)
   348  07B9  01F4               	clrf	I2C_Write_Byte@i
   349  07BA  3008               	movlw	8
   350  07BB  0274               	subwf	I2C_Write_Byte@i,w
   351  07BC  1803               	btfsc	3,0
   352  07BD  2FEE               	goto	l50
   353  07BE                     l49:	
   354                           
   355                           ;I2C.c: 100: {
   356                           ;I2C.c: 101: TRISB0 = 0;
   357  07BE  1683               	bsf	3,5	;RP0=1, select bank1
   358  07BF  1303               	bcf	3,6	;RP1=0, select bank1
   359  07C0  1006               	bcf	6,0	;volatile
   360                           
   361                           ;I2C.c: 103: _delay((unsigned long)((500/10/2)*(20000000/4000000.0)));
   362  07C1  3029               	movlw	41
   363  07C2  00F0               	movwf	??_I2C_Write_Byte
   364  07C3                     u87:	
   365  07C3  0BF0               	decfsz	??_I2C_Write_Byte,f
   366  07C4  2FC3               	goto	u87
   367  07C5  0000               	nop
   368                           
   369                           ;I2C.c: 106: if((Byte<<i)&0x80)
   370  07C6  0A74               	incf	I2C_Write_Byte@i,w
   371  07C7  00F0               	movwf	??_I2C_Write_Byte
   372  07C8  0873               	movf	I2C_Write_Byte@Byte,w
   373  07C9  00F1               	movwf	??_I2C_Write_Byte+1
   374  07CA  01F2               	clrf	??_I2C_Write_Byte+2
   375  07CB  2FCF               	goto	u24
   376  07CC                     u25:	
   377  07CC  1003               	clrc
   378  07CD  0DF1               	rlf	??_I2C_Write_Byte+1,f
   379  07CE  0DF2               	rlf	??_I2C_Write_Byte+2,f
   380  07CF                     u24:	
   381  07CF  0BF0               	decfsz	??_I2C_Write_Byte,f
   382  07D0  2FCC               	goto	u25
   383  07D1  1FF1               	btfss	??_I2C_Write_Byte+1,7
   384  07D2  2FD7               	goto	l51
   385                           
   386                           ;I2C.c: 107: TRISA4 = 1;
   387  07D3  1683               	bsf	3,5	;RP0=1, select bank1
   388  07D4  1303               	bcf	3,6	;RP1=0, select bank1
   389  07D5  1605               	bsf	5,4	;volatile
   390  07D6  2FDA               	goto	l558
   391  07D7                     l51:	
   392                           
   393                           ;I2C.c: 108: else
   394                           ;I2C.c: 109: TRISA4 = 0;
   395  07D7  1683               	bsf	3,5	;RP0=1, select bank1
   396  07D8  1303               	bcf	3,6	;RP1=0, select bank1
   397  07D9  1205               	bcf	5,4	;volatile
   398  07DA                     l558:	
   399                           
   400                           ;I2C.c: 111: _delay((unsigned long)((500/10/2)*(20000000/4000000.0)));
   401  07DA  3029               	movlw	41
   402  07DB  00F0               	movwf	??_I2C_Write_Byte
   403  07DC                     u97:	
   404  07DC  0BF0               	decfsz	??_I2C_Write_Byte,f
   405  07DD  2FDC               	goto	u97
   406  07DE  0000               	nop
   407                           
   408                           ;I2C.c: 112: TRISB0 = 1;
   409  07DF  1683               	bsf	3,5	;RP0=1, select bank1
   410  07E0  1303               	bcf	3,6	;RP1=0, select bank1
   411  07E1  1406               	bsf	6,0	;volatile
   412                           
   413                           ;I2C.c: 113: _delay((unsigned long)((500/10)*(20000000/4000000.0)));
   414  07E2  3053               	movlw	83
   415  07E3  00F0               	movwf	??_I2C_Write_Byte
   416  07E4                     u107:	
   417  07E4  0BF0               	decfsz	??_I2C_Write_Byte,f
   418  07E5  2FE4               	goto	u107
   419  07E6  3001               	movlw	1
   420  07E7  00F0               	movwf	??_I2C_Write_Byte
   421  07E8  0870               	movf	??_I2C_Write_Byte,w
   422  07E9  07F4               	addwf	I2C_Write_Byte@i,f
   423  07EA  3008               	movlw	8
   424  07EB  0274               	subwf	I2C_Write_Byte@i,w
   425  07EC  1C03               	skipc
   426  07ED  2FBE               	goto	l49
   427  07EE                     l50:	
   428                           
   429                           ;I2C.c: 114: }
   430                           ;I2C.c: 117: TRISB0 = 0;
   431  07EE  1683               	bsf	3,5	;RP0=1, select bank1
   432  07EF  1303               	bcf	3,6	;RP1=0, select bank1
   433  07F0  1006               	bcf	6,0	;volatile
   434                           
   435                           ;I2C.c: 118: TRISA4 = 1;
   436  07F1  1605               	bsf	5,4	;volatile
   437                           
   438                           ;I2C.c: 119: _delay((unsigned long)((500/10)*(20000000/4000000.0)));
   439  07F2  3053               	movlw	83
   440  07F3  00F0               	movwf	??_I2C_Write_Byte
   441  07F4                     u117:	
   442  07F4  0BF0               	decfsz	??_I2C_Write_Byte,f
   443  07F5  2FF4               	goto	u117
   444                           
   445                           ;I2C.c: 120: TRISB0 = 1;
   446  07F6  1683               	bsf	3,5	;RP0=1, select bank1
   447  07F7  1303               	bcf	3,6	;RP1=0, select bank1
   448  07F8  1406               	bsf	6,0	;volatile
   449                           
   450                           ;I2C.c: 121: _delay((unsigned long)((500/10)*(20000000/4000000.0)));
   451  07F9  3053               	movlw	83
   452  07FA  00F0               	movwf	??_I2C_Write_Byte
   453  07FB                     u127:	
   454  07FB  0BF0               	decfsz	??_I2C_Write_Byte,f
   455  07FC  2FFB               	goto	u127
   456                           
   457                           ;I2C.c: 123: return RA4;
   458                           ;	Return value of _I2C_Write_Byte is never used
   459  07FD  0008               	return
   460  07FE                     __end_of_I2C_Write_Byte:	
   461                           
   462                           	psect	text3
   463  075D                     __ptext3:	
   464 ;; *************** function _I2C_Stop *****************
   465 ;; Defined at:
   466 ;;		line 51 in file "I2C.c"
   467 ;; Parameters:    Size  Location     Type
   468 ;;		None
   469 ;; Auto vars:     Size  Location     Type
   470 ;;		None
   471 ;; Return value:  Size  Location     Type
   472 ;;		None               void
   473 ;; Registers used:
   474 ;;		wreg
   475 ;; Tracked objects:
   476 ;;		On entry : 0/0
   477 ;;		On exit  : 0/0
   478 ;;		Unchanged: 0/0
   479 ;; Data sizes:     COMMON   BANK0   BANK1   BANK2
   480 ;;      Params:         0       0       0       0
   481 ;;      Locals:         0       0       0       0
   482 ;;      Temps:          1       0       0       0
   483 ;;      Totals:         1       0       0       0
   484 ;;Total ram usage:        1 bytes
   485 ;; Hardware stack levels used:    1
   486 ;; This function calls:
   487 ;;		Nothing
   488 ;; This function is called by:
   489 ;;		_main
   490 ;; This function uses a non-reentrant model
   491 ;;
   492                           
   493                           
   494                           ;psect for function _I2C_Stop
   495  075D                     _I2C_Stop:	
   496                           
   497                           ;I2C.c: 53: TRISB0 = 0;
   498                           
   499                           ;incstack = 0
   500                           ; Regs used in _I2C_Stop: [wreg]
   501  075D  1683               	bsf	3,5	;RP0=1, select bank1
   502  075E  1303               	bcf	3,6	;RP1=0, select bank1
   503  075F  1006               	bcf	6,0	;volatile
   504                           
   505                           ;I2C.c: 55: _delay((unsigned long)((500/10/2)*(20000000/4000000.0)));
   506  0760  3029               	movlw	41
   507  0761  00F0               	movwf	??_I2C_Stop
   508  0762                     u137:	
   509  0762  0BF0               	decfsz	??_I2C_Stop,f
   510  0763  2F62               	goto	u137
   511  0764  0000               	nop
   512                           
   513                           ;I2C.c: 57: TRISA4 = 0;
   514  0765  1683               	bsf	3,5	;RP0=1, select bank1
   515  0766  1303               	bcf	3,6	;RP1=0, select bank1
   516  0767  1205               	bcf	5,4	;volatile
   517                           
   518                           ;I2C.c: 59: _delay((unsigned long)((500/10/2)*(20000000/4000000.0)));
   519  0768  3029               	movlw	41
   520  0769  00F0               	movwf	??_I2C_Stop
   521  076A                     u147:	
   522  076A  0BF0               	decfsz	??_I2C_Stop,f
   523  076B  2F6A               	goto	u147
   524  076C  0000               	nop
   525                           
   526                           ;I2C.c: 60: TRISB0 = 1;
   527  076D  1683               	bsf	3,5	;RP0=1, select bank1
   528  076E  1303               	bcf	3,6	;RP1=0, select bank1
   529  076F  1406               	bsf	6,0	;volatile
   530                           
   531                           ;I2C.c: 61: _delay((unsigned long)((500/10/2)*(20000000/4000000.0)));
   532  0770  3029               	movlw	41
   533  0771  00F0               	movwf	??_I2C_Stop
   534  0772                     u157:	
   535  0772  0BF0               	decfsz	??_I2C_Stop,f
   536  0773  2F72               	goto	u157
   537  0774  0000               	nop
   538                           
   539                           ;I2C.c: 62: TRISA4 = 1;
   540  0775  1683               	bsf	3,5	;RP0=1, select bank1
   541  0776  1303               	bcf	3,6	;RP1=0, select bank1
   542  0777  1605               	bsf	5,4	;volatile
   543                           
   544                           ;I2C.c: 63: _delay((unsigned long)((500/10/2)*(20000000/4000000.0)));
   545  0778  3029               	movlw	41
   546  0779  00F0               	movwf	??_I2C_Stop
   547  077A                     u167:	
   548  077A  0BF0               	decfsz	??_I2C_Stop,f
   549  077B  2F7A               	goto	u167
   550  077C  0000               	nop
   551  077D  0008               	return
   552  077E                     __end_of_I2C_Stop:	
   553                           
   554                           	psect	text4
   555  0731                     __ptext4:	
   556 ;; *************** function _I2C_Start *****************
   557 ;; Defined at:
   558 ;;		line 20 in file "I2C.c"
   559 ;; Parameters:    Size  Location     Type
   560 ;;		None
   561 ;; Auto vars:     Size  Location     Type
   562 ;;		None
   563 ;; Return value:  Size  Location     Type
   564 ;;		None               void
   565 ;; Registers used:
   566 ;;		wreg
   567 ;; Tracked objects:
   568 ;;		On entry : 0/0
   569 ;;		On exit  : 0/0
   570 ;;		Unchanged: 0/0
   571 ;; Data sizes:     COMMON   BANK0   BANK1   BANK2
   572 ;;      Params:         0       0       0       0
   573 ;;      Locals:         0       0       0       0
   574 ;;      Temps:          1       0       0       0
   575 ;;      Totals:         1       0       0       0
   576 ;;Total ram usage:        1 bytes
   577 ;; Hardware stack levels used:    1
   578 ;; This function calls:
   579 ;;		Nothing
   580 ;; This function is called by:
   581 ;;		_main
   582 ;; This function uses a non-reentrant model
   583 ;;
   584                           
   585                           
   586                           ;psect for function _I2C_Start
   587  0731                     _I2C_Start:	
   588                           
   589                           ;I2C.c: 22: RA4 = 0;
   590                           
   591                           ;incstack = 0
   592                           ; Regs used in _I2C_Start: [wreg]
   593  0731  1283               	bcf	3,5	;RP0=0, select bank0
   594  0732  1303               	bcf	3,6	;RP1=0, select bank0
   595  0733  1205               	bcf	5,4	;volatile
   596                           
   597                           ;I2C.c: 23: RB0 = 0;
   598  0734  1006               	bcf	6,0	;volatile
   599                           
   600                           ;I2C.c: 25: TRISB0 = 1;
   601  0735  1683               	bsf	3,5	;RP0=1, select bank1
   602  0736  1303               	bcf	3,6	;RP1=0, select bank1
   603  0737  1406               	bsf	6,0	;volatile
   604                           
   605                           ;I2C.c: 26: TRISA4 = 1;
   606  0738  1605               	bsf	5,4	;volatile
   607                           
   608                           ;I2C.c: 27: _delay((unsigned long)((500/10)*(20000000/4000000.0)));
   609  0739  3053               	movlw	83
   610  073A  00F0               	movwf	??_I2C_Start
   611  073B                     u177:	
   612  073B  0BF0               	decfsz	??_I2C_Start,f
   613  073C  2F3B               	goto	u177
   614                           
   615                           ;I2C.c: 28: TRISA4 = 0;
   616  073D  1683               	bsf	3,5	;RP0=1, select bank1
   617  073E  1303               	bcf	3,6	;RP1=0, select bank1
   618  073F  1205               	bcf	5,4	;volatile
   619                           
   620                           ;I2C.c: 29: _delay((unsigned long)((500/10)*(20000000/4000000.0)));
   621  0740  3053               	movlw	83
   622  0741  00F0               	movwf	??_I2C_Start
   623  0742                     u187:	
   624  0742  0BF0               	decfsz	??_I2C_Start,f
   625  0743  2F42               	goto	u187
   626  0744  0008               	return
   627  0745                     __end_of_I2C_Start:	
   628                           
   629                           	psect	text5
   630  0745                     __ptext5:	
   631 ;; *************** function _I2C_Send_ACK *****************
   632 ;; Defined at:
   633 ;;		line 69 in file "I2C.c"
   634 ;; Parameters:    Size  Location     Type
   635 ;;		None
   636 ;; Auto vars:     Size  Location     Type
   637 ;;		None
   638 ;; Return value:  Size  Location     Type
   639 ;;		None               void
   640 ;; Registers used:
   641 ;;		wreg
   642 ;; Tracked objects:
   643 ;;		On entry : 0/0
   644 ;;		On exit  : 0/0
   645 ;;		Unchanged: 0/0
   646 ;; Data sizes:     COMMON   BANK0   BANK1   BANK2
   647 ;;      Params:         0       0       0       0
   648 ;;      Locals:         0       0       0       0
   649 ;;      Temps:          1       0       0       0
   650 ;;      Totals:         1       0       0       0
   651 ;;Total ram usage:        1 bytes
   652 ;; Hardware stack levels used:    1
   653 ;; This function calls:
   654 ;;		Nothing
   655 ;; This function is called by:
   656 ;;		_main
   657 ;; This function uses a non-reentrant model
   658 ;;
   659                           
   660                           
   661                           ;psect for function _I2C_Send_ACK
   662  0745                     _I2C_Send_ACK:	
   663                           
   664                           ;I2C.c: 71: TRISB0 = 0;
   665                           
   666                           ;incstack = 0
   667                           ; Regs used in _I2C_Send_ACK: [wreg]
   668  0745  1683               	bsf	3,5	;RP0=1, select bank1
   669  0746  1303               	bcf	3,6	;RP1=0, select bank1
   670  0747  1006               	bcf	6,0	;volatile
   671                           
   672                           ;I2C.c: 72: _delay((unsigned long)((500/10/2)*(20000000/4000000.0)));
   673  0748  3029               	movlw	41
   674  0749  00F0               	movwf	??_I2C_Send_ACK
   675  074A                     u197:	
   676  074A  0BF0               	decfsz	??_I2C_Send_ACK,f
   677  074B  2F4A               	goto	u197
   678  074C  0000               	nop
   679                           
   680                           ;I2C.c: 74: TRISA4 = 0;
   681  074D  1683               	bsf	3,5	;RP0=1, select bank1
   682  074E  1303               	bcf	3,6	;RP1=0, select bank1
   683  074F  1205               	bcf	5,4	;volatile
   684                           
   685                           ;I2C.c: 75: _delay((unsigned long)((500/10/2)*(20000000/4000000.0)));
   686  0750  3029               	movlw	41
   687  0751  00F0               	movwf	??_I2C_Send_ACK
   688  0752                     u207:	
   689  0752  0BF0               	decfsz	??_I2C_Send_ACK,f
   690  0753  2F52               	goto	u207
   691  0754  0000               	nop
   692                           
   693                           ;I2C.c: 76: TRISB0 = 1;
   694  0755  1683               	bsf	3,5	;RP0=1, select bank1
   695  0756  1303               	bcf	3,6	;RP1=0, select bank1
   696  0757  1406               	bsf	6,0	;volatile
   697                           
   698                           ;I2C.c: 77: _delay((unsigned long)((500/10)*(20000000/4000000.0)));
   699  0758  3053               	movlw	83
   700  0759  00F0               	movwf	??_I2C_Send_ACK
   701  075A                     u217:	
   702  075A  0BF0               	decfsz	??_I2C_Send_ACK,f
   703  075B  2F5A               	goto	u217
   704  075C  0008               	return
   705  075D                     __end_of_I2C_Send_ACK:	
   706                           
   707                           	psect	text6
   708  077E                     __ptext6:	
   709 ;; *************** function _I2C_Read_Byte *****************
   710 ;; Defined at:
   711 ;;		line 128 in file "I2C.c"
   712 ;; Parameters:    Size  Location     Type
   713 ;;		None
   714 ;; Auto vars:     Size  Location     Type
   715 ;;  i               1    3[COMMON] unsigned char 
   716 ;;  RxData          1    2[COMMON] unsigned char 
   717 ;; Return value:  Size  Location     Type
   718 ;;                  1    wreg      unsigned char 
   719 ;; Registers used:
   720 ;;		wreg, status,2, status,0
   721 ;; Tracked objects:
   722 ;;		On entry : 0/0
   723 ;;		On exit  : 0/0
   724 ;;		Unchanged: 0/0
   725 ;; Data sizes:     COMMON   BANK0   BANK1   BANK2
   726 ;;      Params:         0       0       0       0
   727 ;;      Locals:         2       0       0       0
   728 ;;      Temps:          2       0       0       0
   729 ;;      Totals:         4       0       0       0
   730 ;;Total ram usage:        4 bytes
   731 ;; Hardware stack levels used:    1
   732 ;; This function calls:
   733 ;;		Nothing
   734 ;; This function is called by:
   735 ;;		_main
   736 ;; This function uses a non-reentrant model
   737 ;;
   738                           
   739                           
   740                           ;psect for function _I2C_Read_Byte
   741  077E                     _I2C_Read_Byte:	
   742                           
   743                           ;I2C.c: 130: unsigned char i, RxData = 0;
   744                           
   745                           ;incstack = 0
   746                           ; Regs used in _I2C_Read_Byte: [wreg+status,2+status,0]
   747  077E  01F2               	clrf	I2C_Read_Byte@RxData
   748                           
   749                           ;I2C.c: 132: for(i=0;i<8;i++)
   750  077F  01F3               	clrf	I2C_Read_Byte@i
   751  0780  3008               	movlw	8
   752  0781  0273               	subwf	I2C_Read_Byte@i,w
   753  0782  1803               	btfsc	3,0
   754  0783  2FB6               	goto	l590
   755  0784                     l56:	
   756                           
   757                           ;I2C.c: 133: {
   758                           ;I2C.c: 134: TRISB0 = 0;
   759  0784  1683               	bsf	3,5	;RP0=1, select bank1
   760  0785  1303               	bcf	3,6	;RP1=0, select bank1
   761  0786  1006               	bcf	6,0	;volatile
   762                           
   763                           ;I2C.c: 135: TRISA4 = 1;
   764  0787  1605               	bsf	5,4	;volatile
   765                           
   766                           ;I2C.c: 136: _delay((unsigned long)((500/10)*(20000000/4000000.0)));
   767  0788  3053               	movlw	83
   768  0789  00F0               	movwf	??_I2C_Read_Byte
   769  078A                     u227:	
   770  078A  0BF0               	decfsz	??_I2C_Read_Byte,f
   771  078B  2F8A               	goto	u227
   772                           
   773                           ;I2C.c: 137: TRISB0 = 1;
   774  078C  1683               	bsf	3,5	;RP0=1, select bank1
   775  078D  1303               	bcf	3,6	;RP1=0, select bank1
   776  078E  1406               	bsf	6,0	;volatile
   777                           
   778                           ;I2C.c: 138: _delay((unsigned long)((500/10/2)*(20000000/4000000.0)));
   779  078F  3029               	movlw	41
   780  0790  00F0               	movwf	??_I2C_Read_Byte
   781  0791                     u237:	
   782  0791  0BF0               	decfsz	??_I2C_Read_Byte,f
   783  0792  2F91               	goto	u237
   784  0793  0000               	nop
   785                           
   786                           ;I2C.c: 139: RxData = RxData|(RA4<<(7-i));
   787  0794  3000               	movlw	0
   788  0795  1283               	bcf	3,5	;RP0=0, select bank0
   789  0796  1303               	bcf	3,6	;RP1=0, select bank0
   790  0797  1A05               	btfsc	5,4	;volatile
   791  0798  3001               	movlw	1
   792  0799  00F0               	movwf	??_I2C_Read_Byte
   793  079A  0373               	decf	I2C_Read_Byte@i,w
   794  079B  3AFF               	xorlw	255
   795  079C  3E07               	addlw	7
   796  079D  3E01               	addlw	1
   797  079E  2FA1               	goto	u64
   798  079F                     u65:	
   799  079F  1003               	clrc
   800  07A0  0DF0               	rlf	??_I2C_Read_Byte,f
   801  07A1                     u64:	
   802  07A1  3EFF               	addlw	-1
   803  07A2  1D03               	skipz
   804  07A3  2F9F               	goto	u65
   805  07A4  0870               	movf	??_I2C_Read_Byte,w
   806  07A5  0472               	iorwf	I2C_Read_Byte@RxData,w
   807  07A6  00F1               	movwf	??_I2C_Read_Byte+1
   808  07A7  0871               	movf	??_I2C_Read_Byte+1,w
   809  07A8  00F2               	movwf	I2C_Read_Byte@RxData
   810                           
   811                           ;I2C.c: 140: _delay((unsigned long)((500/10/2)*(20000000/4000000.0)));
   812  07A9  3029               	movlw	41
   813  07AA  00F0               	movwf	??_I2C_Read_Byte
   814  07AB                     u247:	
   815  07AB  0BF0               	decfsz	??_I2C_Read_Byte,f
   816  07AC  2FAB               	goto	u247
   817  07AD  0000               	nop
   818  07AE  3001               	movlw	1
   819  07AF  00F0               	movwf	??_I2C_Read_Byte
   820  07B0  0870               	movf	??_I2C_Read_Byte,w
   821  07B1  07F3               	addwf	I2C_Read_Byte@i,f
   822  07B2  3008               	movlw	8
   823  07B3  0273               	subwf	I2C_Read_Byte@i,w
   824  07B4  1C03               	skipc
   825  07B5  2F84               	goto	l56
   826  07B6                     l590:	
   827                           
   828                           ;I2C.c: 141: }
   829                           ;I2C.c: 143: return RxData;
   830  07B6  0872               	movf	I2C_Read_Byte@RxData,w
   831  07B7  0008               	return
   832  07B8                     __end_of_I2C_Read_Byte:	
   833  007E                     btemp	set	126	;btemp
   834  007E                     wtemp	set	126
   835  007E                     wtemp0	set	126
   836  0080                     wtemp1	set	128
   837  0082                     wtemp2	set	130
   838  0084                     wtemp3	set	132
   839  0086                     wtemp4	set	134
   840  0088                     wtemp5	set	136
   841  007F                     wtemp6	set	127
   842  007E                     ttemp	set	126
   843  007E                     ttemp0	set	126
   844  0081                     ttemp1	set	129
   845  0084                     ttemp2	set	132
   846  0087                     ttemp3	set	135
   847  007F                     ttemp4	set	127
   848  007E                     ltemp	set	126
   849  007E                     ltemp0	set	126
   850  0082                     ltemp1	set	130
   851  0086                     ltemp2	set	134
   852  0080                     ltemp3	set	128


Data Sizes:
    Strings     0
    Constant    0
    Data        0
    BSS         0
    Persistent  0
    Stack       0

Auto Spaces:
    Space          Size  Autos    Used
    COMMON           14      7       7
    BANK0            80      0       0
    BANK1            80      0       0
    BANK2            48      0       0

Pointer List with Targets:

    None.

Critical Paths under _main in COMMON

    _main->_I2C_Write_Byte

Critical Paths under _main in BANK0

    None.

Critical Paths under _main in BANK1

    None.

Critical Paths under _main in BANK2

    None.

Call Graph Tables:

 ---------------------------------------------------------------------------------
 (Depth) Function   	        Calls       Base Space   Used Autos Params    Refs
 ---------------------------------------------------------------------------------
 (0) _main                                                 2     2      0     135
                                              5 COMMON     2     2      0
                      _I2C_Read_Byte
                       _I2C_Send_ACK
                          _I2C_Start
                           _I2C_Stop
                     _I2C_Write_Byte
                            _InitI2C
 ---------------------------------------------------------------------------------
 (1) _InitI2C                                              0     0      0       0
 ---------------------------------------------------------------------------------
 (1) _I2C_Write_Byte                                       5     5      0      60
                                              0 COMMON     5     5      0
 ---------------------------------------------------------------------------------
 (1) _I2C_Stop                                             1     1      0       0
                                              0 COMMON     1     1      0
 ---------------------------------------------------------------------------------
 (1) _I2C_Start                                            1     1      0       0
                                              0 COMMON     1     1      0
 ---------------------------------------------------------------------------------
 (1) _I2C_Send_ACK                                         1     1      0       0
                                              0 COMMON     1     1      0
 ---------------------------------------------------------------------------------
 (1) _I2C_Read_Byte                                        4     4      0      75
                                              0 COMMON     4     4      0
 ---------------------------------------------------------------------------------
 Estimated maximum stack depth 1
 ---------------------------------------------------------------------------------

 Call Graph Graphs:

 _main (ROOT)
   _I2C_Read_Byte
   _I2C_Send_ACK
   _I2C_Start
   _I2C_Stop
   _I2C_Write_Byte
   _InitI2C

 Address spaces:
Name               Size   Autos  Total    Cost      Usage
BITCOMMON            E      0       0       0        0.0%
EEDATA              80      0       0       0        0.0%
NULL                 0      0       0       0        0.0%
CODE                 0      0       0       0        0.0%
COMMON               E      7       7       1       50.0%
BITSFR0              0      0       0       1        0.0%
SFR0                 0      0       0       1        0.0%
BITSFR1              0      0       0       2        0.0%
SFR1                 0      0       0       2        0.0%
STACK                0      0       0       2        0.0%
BANK0               50      0       0       3        0.0%
BITSFR3              0      0       0       4        0.0%
SFR3                 0      0       0       4        0.0%
ABS                  0      0       0       4        0.0%
BITBANK0            50      0       0       5        0.0%
BITSFR2              0      0       0       5        0.0%
SFR2                 0      0       0       5        0.0%
BITBANK1            50      0       0       6        0.0%
BANK1               50      0       0       7        0.0%
BITBANK2            30      0       0       8        0.0%
BANK2               30      0       0       9        0.0%
DATA                 0      0       0      10        0.0%


Microchip Technology PIC Macro Assembler V1.35 build -356382666 
Symbol Table                                                                                   Thu Dec 10 13:48:16 2015

     __size_of_I2C_Start 0014              __CFG_CP$OFF 0000                       l15 0730  
                     l50 07EE                       l51 07D7                       l56 0784  
                     l49 07BE                       u24 07CF                       u25 07CC  
                     u64 07A1                       u65 079F                       u87 07C3  
                     u97 07DC                      l590 07B6                      l558 07DA  
                    _RB0 0030                      _RA4 002C                      u107 07E4  
                    u117 07F4                      u207 0752                      u127 07FB  
                    u217 075A                      u137 0762                      u227 078A  
                    u147 076A                      u237 0791                      u157 0772  
                    u247 07AB                      u167 077A                      u177 073B  
           __CFG_CPD$OFF 0000                      u187 0742                      u197 074A  
     I2C_Write_Byte@Byte 0073             __CFG_FOSC$HS 0000             __CFG_LVP$OFF 0000  
                   _main 0725                     btemp 007E         __end_of_I2C_Stop 077E  
          __CFG_BOREN$ON 0000                     ltemp 007E    __size_of_I2C_Send_ACK 0018  
                   start 0000                     ttemp 007E                     wtemp 007E  
        __end_of_InitI2C 0725                    ?_main 0070            __CFG_WDTE$OFF 0000  
          __CFG_PWRTE$ON 0000   __size_of_I2C_Read_Byte 003A             _I2C_Send_ACK 0745  
      __end_of_I2C_Start 0745                    ltemp0 007E                    ltemp1 0082  
                  ltemp2 0086                    ltemp3 0080                    ttemp0 007E  
                  ttemp1 0081                    ttemp2 0084                    ttemp3 0087  
                  ttemp4 007F                    status 0003                    wtemp0 007E  
                  wtemp1 0080                    wtemp2 0082                    wtemp3 0084  
                  wtemp4 0086                    wtemp5 0088                    wtemp6 007F  
         __CFG_MCLRE$OFF 0000          __initialization 07FE             __end_of_main 0731  
                 ??_main 0075                   _TRISB0 0430                   _TRISA4 042C  
              ??_InitI2C 0070            _I2C_Read_Byte 077E                ?_I2C_Stop 0070  
__end_of__initialization 07FE          I2C_Write_Byte@i 0074           ?_I2C_Read_Byte 0070  
         __pcstackCOMMON 0070               ??_I2C_Stop 0070               __pmaintext 0725  
__size_of_I2C_Write_Byte 0046           I2C_Read_Byte@i 0073      I2C_Read_Byte@RxData 0072  
                _InitI2C 071C                _I2C_Start 0731          ??_I2C_Read_Byte 0070  
                __ptext1 071C                  __ptext2 07B8                  __ptext3 075D  
                __ptext4 0731                  __ptext5 0745                  __ptext6 077E  
   end_of_initialization 07FE               ?_I2C_Start 0070        __size_of_I2C_Stop 0021  
             main@RxByte 0076           _I2C_Write_Byte 07B8      start_initialization 07FE  
            ??_I2C_Start 0070   __end_of_I2C_Write_Byte 07FE                ___latbits 0000  
          ?_I2C_Send_ACK 0070                 ?_InitI2C 0070          ?_I2C_Write_Byte 0070  
               _I2C_Stop 075D           ??_I2C_Send_ACK 0070    __end_of_I2C_Read_Byte 07B8  
       __size_of_InitI2C 0009            __size_of_main 000C     __end_of_I2C_Send_ACK 075D  
       ??_I2C_Write_Byte 0070  
